<?xml version="1.0" encoding="UTF-8"?>
<testsuite xmlns:xsi="http://www.w3.org/2001/XMLSchema-instance" xsi:noNamespaceSchemaLocation="https://maven.apache.org/surefire/maven-surefire-plugin/xsd/surefire-test-report-3.0.xsd" version="3.0" name="GameLogicTest" time="0.05" tests="7" errors="0" skipped="0" failures="0">
  <properties>
[...]
</properties>
  <testcase name="testInvalidMoveTooFar" classname="GameLogicTest" time="0.023"/>
  <testcase name="testInitialPosition" classname="GameLogicTest" time="0.001"/>
  <testcase name="testValidDiagonalMove" classname="GameLogicTest" time="0.001"/>
  <testcase name="testBonusTurnOnVisitedVertex" classname="GameLogicTest" time="0.0"/>
  <testcase name="testTurnChangesOnEmptyVertex" classname="GameLogicTest" time="0.0"/>
  <testcase name="testCannotMoveOnAlreadyDrawnLine" classname="GameLogicTest" time="0.001"/>
  <testcase name="testValidOrthogonalMove" classname="GameLogicTest" time="0.001"/>
</testsuite>